[2025-02-08 00:27:32.544 INFO] [EndstoneRuntime] Initialising...
[2025-02-08 00:27:33.705 INFO] [Server] setting up server logging...
[2025-02-08 00:27:33.711 INFO] [Server] Starting Server
[2025-02-08 00:27:33.711 INFO] [Server] Version: 1.21.50.10
[2025-02-08 00:27:33.711 INFO] [Server] Session ID: 6216cdfc-e87a-456b-a002-2c4f612e420d
[2025-02-08 00:27:33.711 INFO] [Server] Build ID: 29566757
[2025-02-08 00:27:33.711 INFO] [Server] Branch: r/21_u5
[2025-02-08 00:27:33.711 INFO] [Server] Commit ID: 37da48010fdedb1b893d3a320c89e753f5b23a1b
[2025-02-08 00:27:33.711 INFO] [Server] Configuration: Publish
[2025-02-08 00:27:33.714 INFO] [Server] Level Name: Bedrock level
[2025-02-08 00:27:33.721 INFO] [Server] No CDN config file found for dedicated server
[2025-02-08 00:27:33.721 INFO] [Server] Game mode: 0 Survival
[2025-02-08 00:27:33.721 INFO] [Server] Difficulty: 1 EASY
[2025-02-08 00:27:33.731 INFO] [Server] Content logging to console is enabled.
[2025-02-08 00:27:40.091 INFO] [Server] Loading resource packs...
[2025-02-08 00:27:40.595 INFO] [Server] This server is running Endstone version: 0.5.7.1 (Minecraft: 1.21.50)
[2025-02-08 00:28:08.621 ERROR] [Server] Error occurred when trying to load plugin from entry point 'bio-management': No module named 'discord'
[2025-02-08 00:28:08.734 INFO] [Database] Opening level 'worlds/Bedrock level/db'
[2025-02-08 00:28:09.864 INFO] [Server] [SERVER] Pack Stack - None
[2025-02-08 00:28:16.796 INFO] [Network] IPv4 supported, port: 19132: Used for gameplay and LAN discovery
[2025-02-08 00:28:16.796 INFO] [Network] IPv6 supported, port: 19133: Used for gameplay
[2025-02-08 00:28:16.960 INFO] [Server] Server started.
[2025-02-08 00:28:16.961 INFO] [Server] ================ TELEMETRY MESSAGE ===================
[2025-02-08 00:28:16.961 INFO] [Server] Server Telemetry is currently not enabled.
[2025-02-08 00:28:16.961 INFO] [Server] Enabling this telemetry helps us improve the game.
[2025-02-08 00:28:16.961 INFO] [Server] To enable this feature, add the line 'emit-server-telemetry=true'
[2025-02-08 00:28:16.961 INFO] [Server] to the server.properties file in the handheld/src-server directory
[2025-02-08 00:28:16.961 INFO] [Server] ======================================================
[2025-02-08 00:28:22.733 INFO] [Server] Server stop requested.
[2025-02-08 00:28:22.772 INFO] [Server] Stopping server...
