[2025-02-08 00:23:59.057 INFO] [EndstoneRuntime] Initialising...
[2025-02-08 00:24:00.223 INFO] [Server] setting up server logging...
[2025-02-08 00:24:00.229 INFO] [Server] Starting Server
[2025-02-08 00:24:00.229 INFO] [Server] Version: 1.21.50.10
[2025-02-08 00:24:00.229 INFO] [Server] Session ID: f9e0ccde-ee99-46a2-b8a2-dbd7f4bbb665
[2025-02-08 00:24:00.229 INFO] [Server] Build ID: 29566757
[2025-02-08 00:24:00.229 INFO] [Server] Branch: r/21_u5
[2025-02-08 00:24:00.229 INFO] [Server] Commit ID: 37da48010fdedb1b893d3a320c89e753f5b23a1b
[2025-02-08 00:24:00.229 INFO] [Server] Configuration: Publish
[2025-02-08 00:24:00.233 INFO] [Server] Level Name: Bedrock level
[2025-02-08 00:24:00.240 INFO] [Server] No CDN config file found for dedicated server
[2025-02-08 00:24:00.240 INFO] [Server] Game mode: 0 Survival
[2025-02-08 00:24:00.240 INFO] [Server] Difficulty: 1 EASY
[2025-02-08 00:24:00.249 INFO] [Server] Content logging to console is enabled.
[2025-02-08 00:24:06.518 INFO] [Server] Loading resource packs...
[2025-02-08 00:24:07.036 INFO] [Server] This server is running Endstone version: 0.5.7.1 (Minecraft: 1.21.50)
[2025-02-08 00:24:07.199 INFO] [Database] Opening level 'worlds/Bedrock level/db'
[2025-02-08 00:24:07.692 INFO] [Server] [SERVER] Pack Stack - None
[2025-02-08 00:24:14.206 INFO] [Network] IPv4 supported, port: 19132: Used for gameplay and LAN discovery
[2025-02-08 00:24:14.206 INFO] [Network] IPv6 supported, port: 19133: Used for gameplay
[2025-02-08 00:24:14.354 INFO] [Server] Server started.
[2025-02-08 00:24:14.354 INFO] [Server] ================ TELEMETRY MESSAGE ===================
[2025-02-08 00:24:14.354 INFO] [Server] Server Telemetry is currently not enabled.
[2025-02-08 00:24:14.354 INFO] [Server] Enabling this telemetry helps us improve the game.
[2025-02-08 00:24:14.354 INFO] [Server] To enable this feature, add the line 'emit-server-telemetry=true'
[2025-02-08 00:24:14.354 INFO] [Server] to the server.properties file in the handheld/src-server directory
[2025-02-08 00:24:14.354 INFO] [Server] ======================================================
[2025-02-08 00:24:49.918 ERROR] [Server] Unknown command: . Please check that the command exists and that you have permission to use it.
[2025-02-08 00:24:51.214 INFO] [Server] Server stop requested.
[2025-02-08 00:24:51.219 INFO] [Server] Stopping server...
